Analysis & Elaboration report for cpu2
Mon Mar 25 14:59:55 2024
Quartus Prime Version 18.1.0 Build 625 09/12/2018 SJ Lite Edition


---------------------
; Table of Contents ;
---------------------
  1. Legal Notice
  2. Analysis & Elaboration Summary
  3. Parallel Compilation
  4. Analysis & Elaboration Settings
  5. Port Connectivity Checks: "sel_enc_log:sel_enc_log"
  6. Port Connectivity Checks: "RAM:RAM"
  7. Port Connectivity Checks: "MAR:MAR"
  8. Port Connectivity Checks: "mdrReg:MDR"
  9. Port Connectivity Checks: "MDMux:MDMUX"
 10. Port Connectivity Checks: "PC_reg:PC_reg"
 11. Port Connectivity Checks: "register:InPort"
 12. Analysis & Elaboration Messages
 13. Analysis & Elaboration Suppressed Messages



----------------
; Legal Notice ;
----------------
Copyright (C) 2018  Intel Corporation. All rights reserved.
Your use of Intel Corporation's design tools, logic functions 
and other software and tools, and its AMPP partner logic 
functions, and any output files from any of the foregoing 
(including device programming or simulation files), and any 
associated documentation or information are expressly subject 
to the terms and conditions of the Intel Program License 
Subscription Agreement, the Intel Quartus Prime License Agreement,
the Intel FPGA IP License Agreement, or other applicable license
agreement, including, without limitation, that your use is for
the sole purpose of programming logic devices manufactured by
Intel and sold by Intel or its authorized distributors.  Please
refer to the applicable agreement for further details.



+-----------------------------------------------------------------------------+
; Analysis & Elaboration Summary                                              ;
+-------------------------------+---------------------------------------------+
; Analysis & Elaboration Status ; Successful - Mon Mar 25 14:59:55 2024       ;
; Quartus Prime Version         ; 18.1.0 Build 625 09/12/2018 SJ Lite Edition ;
; Revision Name                 ; cpu2                                        ;
; Top-level Entity Name         ; DataPath                                    ;
; Family                        ; Cyclone V                                   ;
; Logic utilization (in ALMs)   ; N/A until Partition Merge                   ;
; Total registers               ; N/A until Partition Merge                   ;
; Total pins                    ; N/A until Partition Merge                   ;
; Total virtual pins            ; N/A until Partition Merge                   ;
; Total block memory bits       ; N/A until Partition Merge                   ;
; Total PLLs                    ; N/A until Partition Merge                   ;
; Total DLLs                    ; N/A until Partition Merge                   ;
+-------------------------------+---------------------------------------------+


+------------------------------------------+
; Parallel Compilation                     ;
+----------------------------+-------------+
; Processors                 ; Number      ;
+----------------------------+-------------+
; Number detected on machine ; 8           ;
; Maximum allowed            ; 4           ;
;                            ;             ;
; Average used               ; 1.00        ;
; Maximum used               ; 1           ;
;                            ;             ;
; Usage by Processor         ; % Time Used ;
;     Processor 1            ; 100.0%      ;
+----------------------------+-------------+


+---------------------------------------------------------------------------------------------------------------------------+
; Analysis & Elaboration Settings                                                                                           ;
+---------------------------------------------------------------------------------+--------------------+--------------------+
; Option                                                                          ; Setting            ; Default Value      ;
+---------------------------------------------------------------------------------+--------------------+--------------------+
; Device                                                                          ; 5CEBA2F17A7        ;                    ;
; Top-level entity name                                                           ; DataPath           ; cpu2               ;
; Family name                                                                     ; Cyclone V          ; Cyclone V          ;
; Use smart compilation                                                           ; Off                ; Off                ;
; Enable parallel Assembler and Timing Analyzer during compilation                ; On                 ; On                 ;
; Enable compact report table                                                     ; Off                ; Off                ;
; Restructure Multiplexers                                                        ; Auto               ; Auto               ;
; MLAB Add Timing Constraints For Mixed-Port Feed-Through Mode Setting Don't Care ; Off                ; Off                ;
; Create Debugging Nodes for IP Cores                                             ; Off                ; Off                ;
; Preserve fewer node names                                                       ; On                 ; On                 ;
; Intel FPGA IP Evaluation Mode                                                   ; Enable             ; Enable             ;
; Verilog Version                                                                 ; Verilog_2001       ; Verilog_2001       ;
; VHDL Version                                                                    ; VHDL_1993          ; VHDL_1993          ;
; State Machine Processing                                                        ; Auto               ; Auto               ;
; Safe State Machine                                                              ; Off                ; Off                ;
; Extract Verilog State Machines                                                  ; On                 ; On                 ;
; Extract VHDL State Machines                                                     ; On                 ; On                 ;
; Ignore Verilog initial constructs                                               ; Off                ; Off                ;
; Iteration limit for constant Verilog loops                                      ; 5000               ; 5000               ;
; Iteration limit for non-constant Verilog loops                                  ; 250                ; 250                ;
; Add Pass-Through Logic to Inferred RAMs                                         ; On                 ; On                 ;
; Infer RAMs from Raw Logic                                                       ; On                 ; On                 ;
; Parallel Synthesis                                                              ; On                 ; On                 ;
; DSP Block Balancing                                                             ; Auto               ; Auto               ;
; NOT Gate Push-Back                                                              ; On                 ; On                 ;
; Power-Up Don't Care                                                             ; On                 ; On                 ;
; Remove Redundant Logic Cells                                                    ; Off                ; Off                ;
; Remove Duplicate Registers                                                      ; On                 ; On                 ;
; Ignore CARRY Buffers                                                            ; Off                ; Off                ;
; Ignore CASCADE Buffers                                                          ; Off                ; Off                ;
; Ignore GLOBAL Buffers                                                           ; Off                ; Off                ;
; Ignore ROW GLOBAL Buffers                                                       ; Off                ; Off                ;
; Ignore LCELL Buffers                                                            ; Off                ; Off                ;
; Ignore SOFT Buffers                                                             ; On                 ; On                 ;
; Limit AHDL Integers to 32 Bits                                                  ; Off                ; Off                ;
; Optimization Technique                                                          ; Balanced           ; Balanced           ;
; Carry Chain Length                                                              ; 70                 ; 70                 ;
; Auto Carry Chains                                                               ; On                 ; On                 ;
; Auto Open-Drain Pins                                                            ; On                 ; On                 ;
; Perform WYSIWYG Primitive Resynthesis                                           ; Off                ; Off                ;
; Auto ROM Replacement                                                            ; On                 ; On                 ;
; Auto RAM Replacement                                                            ; On                 ; On                 ;
; Auto DSP Block Replacement                                                      ; On                 ; On                 ;
; Auto Shift Register Replacement                                                 ; Auto               ; Auto               ;
; Allow Shift Register Merging across Hierarchies                                 ; Auto               ; Auto               ;
; Auto Clock Enable Replacement                                                   ; On                 ; On                 ;
; Strict RAM Replacement                                                          ; Off                ; Off                ;
; Allow Synchronous Control Signals                                               ; On                 ; On                 ;
; Force Use of Synchronous Clear Signals                                          ; Off                ; Off                ;
; Auto Resource Sharing                                                           ; Off                ; Off                ;
; Allow Any RAM Size For Recognition                                              ; Off                ; Off                ;
; Allow Any ROM Size For Recognition                                              ; Off                ; Off                ;
; Allow Any Shift Register Size For Recognition                                   ; Off                ; Off                ;
; Use LogicLock Constraints during Resource Balancing                             ; On                 ; On                 ;
; Ignore translate_off and synthesis_off directives                               ; Off                ; Off                ;
; Timing-Driven Synthesis                                                         ; On                 ; On                 ;
; Report Parameter Settings                                                       ; On                 ; On                 ;
; Report Source Assignments                                                       ; On                 ; On                 ;
; Report Connectivity Checks                                                      ; On                 ; On                 ;
; Ignore Maximum Fan-Out Assignments                                              ; Off                ; Off                ;
; Synchronization Register Chain Length                                           ; 3                  ; 3                  ;
; Power Optimization During Synthesis                                             ; Normal compilation ; Normal compilation ;
; HDL message level                                                               ; Level2             ; Level2             ;
; Suppress Register Optimization Related Messages                                 ; Off                ; Off                ;
; Number of Removed Registers Reported in Synthesis Report                        ; 5000               ; 5000               ;
; Number of Swept Nodes Reported in Synthesis Report                              ; 5000               ; 5000               ;
; Number of Inverted Registers Reported in Synthesis Report                       ; 100                ; 100                ;
; Clock MUX Protection                                                            ; On                 ; On                 ;
; Auto Gated Clock Conversion                                                     ; Off                ; Off                ;
; Block Design Naming                                                             ; Auto               ; Auto               ;
; SDC constraint protection                                                       ; Off                ; Off                ;
; Synthesis Effort                                                                ; Auto               ; Auto               ;
; Shift Register Replacement - Allow Asynchronous Clear Signal                    ; On                 ; On                 ;
; Pre-Mapping Resynthesis Optimization                                            ; Off                ; Off                ;
; Analysis & Synthesis Message Level                                              ; Medium             ; Medium             ;
; Disable Register Merging Across Hierarchies                                     ; Auto               ; Auto               ;
; Resource Aware Inference For Block RAM                                          ; On                 ; On                 ;
; Automatic Parallel Synthesis                                                    ; On                 ; On                 ;
; Partial Reconfiguration Bitstream ID                                            ; Off                ; Off                ;
+---------------------------------------------------------------------------------+--------------------+--------------------+


+----------------------------------------------------------------------------------------------------------------------------------------------------------------------------------+
; Port Connectivity Checks: "sel_enc_log:sel_enc_log"                                                                                                                              ;
+---------------+--------+----------+----------------------------------------------------------------------------------------------------------------------------------------------+
; Port          ; Type   ; Severity ; Details                                                                                                                                      ;
+---------------+--------+----------+----------------------------------------------------------------------------------------------------------------------------------------------+
; ir            ; Input  ; Warning  ; Input port expression (1 bits) is smaller than the input port (32 bits) it drives.  Extra input bit(s) "ir[31..1]" will be connected to GND. ;
; cSignExtended ; Output ; Warning  ; Output or bidir port (32 bits) is wider than the port expression (1 bits) it drives; bit(s) "cSignExtended[31..1]" have no fanouts           ;
; cSignExtended ; Output ; Info     ; Connected to dangling logic. Logic that only feeds a dangling port will be removed.                                                          ;
+---------------+--------+----------+----------------------------------------------------------------------------------------------------------------------------------------------+


+---------------------------------------------------------------------------------------------------------------------------------------------------------------------------------------------------------------------+
; Port Connectivity Checks: "RAM:RAM"                                                                                                                                                                                 ;
+-----------+--------+----------+-------------------------------------------------------------------------------------------------------------------------------------------------------------------------------------+
; Port      ; Type   ; Severity ; Details                                                                                                                                                                             ;
+-----------+--------+----------+-------------------------------------------------------------------------------------------------------------------------------------------------------------------------------------+
; address   ; Input  ; Warning  ; Input port expression (64 bits) is wider than the input port (33 bits) it drives.  The 31 most-significant bit(s) in the expression will be dangling if they have no other fanouts. ;
; Mdatain   ; Input  ; Warning  ; Input port expression (32 bits) is smaller than the input port (33 bits) it drives.  Extra input bit(s) "Mdatain[32..32]" will be connected to GND.                                 ;
; BusMuxOut ; Output ; Warning  ; Output or bidir port (33 bits) is wider than the port expression (32 bits) it drives; bit(s) "BusMuxOut[32..32]" have no fanouts                                                    ;
+-----------+--------+----------+-------------------------------------------------------------------------------------------------------------------------------------------------------------------------------------+


+------------------------------------------------------------------------------------------------------------------------------------------------------------------------+
; Port Connectivity Checks: "MAR:MAR"                                                                                                                                    ;
+------+--------+----------+---------------------------------------------------------------------------------------------------------------------------------------------+
; Port ; Type   ; Severity ; Details                                                                                                                                     ;
+------+--------+----------+---------------------------------------------------------------------------------------------------------------------------------------------+
; D    ; Input  ; Warning  ; Input port expression (1 bits) is smaller than the input port (32 bits) it drives.  Extra input bit(s) "D[31..1]" will be connected to GND. ;
; Q    ; Output ; Warning  ; Output or bidir port (32 bits) is wider than the port expression (1 bits) it drives; bit(s) "Q[31..1]" have no fanouts                      ;
; Q    ; Output ; Info     ; Connected to dangling logic. Logic that only feeds a dangling port will be removed.                                                         ;
+------+--------+----------+---------------------------------------------------------------------------------------------------------------------------------------------+


+----------------------------------------------------------------------------------------------------------------------------------------------------------------------------------+
; Port Connectivity Checks: "mdrReg:MDR"                                                                                                                                           ;
+----------+-------+----------+----------------------------------------------------------------------------------------------------------------------------------------------------+
; Port     ; Type  ; Severity ; Details                                                                                                                                            ;
+----------+-------+----------+----------------------------------------------------------------------------------------------------------------------------------------------------+
; MDMuxOut ; Input ; Warning  ; Input port expression (1 bits) is smaller than the input port (32 bits) it drives.  Extra input bit(s) "MDMuxOut[31..1]" will be connected to GND. ;
+----------+-------+----------+----------------------------------------------------------------------------------------------------------------------------------------------------+


+---------------------------------------------------------------------------------------------------------------------------------------------------------------------------------+
; Port Connectivity Checks: "MDMux:MDMUX"                                                                                                                                         ;
+----------+--------+----------+--------------------------------------------------------------------------------------------------------------------------------------------------+
; Port     ; Type   ; Severity ; Details                                                                                                                                          ;
+----------+--------+----------+--------------------------------------------------------------------------------------------------------------------------------------------------+
; input1   ; Input  ; Warning  ; Input port expression (1 bits) is smaller than the input port (32 bits) it drives.  Extra input bit(s) "input1[31..1]" will be connected to GND. ;
; MDMuxOut ; Output ; Warning  ; Declared by entity but not connected by instance. Logic that only feeds a dangling port will be removed.                                         ;
+----------+--------+----------+--------------------------------------------------------------------------------------------------------------------------------------------------+


+---------------------------------------------------------------------------------------------------------------------------------------------------------------------------------------------------------------+
; Port Connectivity Checks: "PC_reg:PC_reg"                                                                                                                                                                     ;
+-------+-------+----------+------------------------------------------------------------------------------------------------------------------------------------------------------------------------------------+
; Port  ; Type  ; Severity ; Details                                                                                                                                                                            ;
+-------+-------+----------+------------------------------------------------------------------------------------------------------------------------------------------------------------------------------------+
; IncPC ; Input ; Warning  ; Input port expression (32 bits) is wider than the input port (1 bits) it drives.  The 31 most-significant bit(s) in the expression will be dangling if they have no other fanouts. ;
+-------+-------+----------+------------------------------------------------------------------------------------------------------------------------------------------------------------------------------------+


+--------------------------------------------------------------------------------------------------------------------+
; Port Connectivity Checks: "register:InPort"                                                                        ;
+----------+--------+----------+-------------------------------------------------------------------------------------+
; Port     ; Type   ; Severity ; Details                                                                             ;
+----------+--------+----------+-------------------------------------------------------------------------------------+
; BusMuxIn ; Output ; Info     ; Connected to dangling logic. Logic that only feeds a dangling port will be removed. ;
+----------+--------+----------+-------------------------------------------------------------------------------------+


+---------------------------------+
; Analysis & Elaboration Messages ;
+---------------------------------+
Info: *******************************************************************
Info: Running Quartus Prime Analysis & Elaboration
    Info: Version 18.1.0 Build 625 09/12/2018 SJ Lite Edition
    Info: Processing started: Mon Mar 25 14:59:36 2024
Info: Command: quartus_map --read_settings_files=on --write_settings_files=off cpu2 -c cpu2 --analysis_and_elaboration
Warning (18236): Number of processors has not been specified which may cause overloading on shared machines.  Set the global assignment NUM_PARALLEL_PROCESSORS in your QSF to an appropriate value for best performance.
Info (20030): Parallel compilation is enabled and will use 4 of the 4 processors detected
Info (12021): Found 1 design units, including 1 entities, in source file adder.v
    Info (12023): Found entity 1: adder File: C:/Users/chloe/374project/newproject/newproject/adder.v Line: 2
Info (12021): Found 1 design units, including 1 entities, in source file bus.v
    Info (12023): Found entity 1: Bus File: C:/Users/chloe/374project/newproject/newproject/Bus.v Line: 1
Info (12021): Found 1 design units, including 1 entities, in source file datapath.v
    Info (12023): Found entity 1: DataPath File: C:/Users/chloe/374project/newproject/newproject/DataPath.v Line: 1
Info (12021): Found 1 design units, including 1 entities, in source file register.v
    Info (12023): Found entity 1: register File: C:/Users/chloe/374project/newproject/newproject/register.v Line: 1
Info (12021): Found 1 design units, including 1 entities, in source file mdrreg.v
    Info (12023): Found entity 1: mdrReg File: C:/Users/chloe/374project/newproject/newproject/mdrReg.v Line: 1
Info (12021): Found 1 design units, including 1 entities, in source file tbalu.v
    Info (12023): Found entity 1: tbalu File: C:/Users/chloe/374project/newproject/newproject/tbalu.v Line: 3
Info (12021): Found 1 design units, including 1 entities, in source file alu.v
    Info (12023): Found entity 1: alu File: C:/Users/chloe/374project/newproject/newproject/alu.v Line: 2
Warning (12018): Entity "AND" will be ignored because it conflicts with Quartus Prime primitive name File: C:/Users/chloe/374project/newproject/newproject/AND.v Line: 2
Info (12021): Found 1 design units, including 1 entities, in source file and.v
Info (12021): Found 1 design units, including 1 entities, in source file add.v
    Info (12023): Found entity 1: ADD File: C:/Users/chloe/374project/newproject/newproject/ADD.v Line: 2
Warning (12018): Entity "OR" will be ignored because it conflicts with Quartus Prime primitive name File: C:/Users/chloe/374project/newproject/newproject/OR.v Line: 2
Info (12021): Found 1 design units, including 1 entities, in source file or.v
Warning (12018): Entity "NOT" will be ignored because it conflicts with Quartus Prime primitive name File: C:/Users/chloe/374project/newproject/newproject/NOT.v Line: 2
Info (12021): Found 1 design units, including 1 entities, in source file not.v
Info (12021): Found 1 design units, including 1 entities, in source file neg.v
    Info (12023): Found entity 1: NEG File: C:/Users/chloe/374project/newproject/newproject/NEG.v Line: 1
Info (12021): Found 1 design units, including 1 entities, in source file shl.v
    Info (12023): Found entity 1: SHL File: C:/Users/chloe/374project/newproject/newproject/SHL.v Line: 1
Info (12021): Found 1 design units, including 1 entities, in source file shr.v
    Info (12023): Found entity 1: SHR File: C:/Users/chloe/374project/newproject/newproject/SHR.v Line: 1
Info (12021): Found 1 design units, including 1 entities, in source file shra.v
    Info (12023): Found entity 1: SHRA File: C:/Users/chloe/374project/newproject/newproject/SHRA.v Line: 1
Info (12021): Found 1 design units, including 1 entities, in source file tbtestalu.v
    Info (12023): Found entity 1: tbdatapath File: C:/Users/chloe/374project/newproject/newproject/tbtestalu.v Line: 2
Info (12021): Found 1 design units, including 1 entities, in source file and_mod.v
    Info (12023): Found entity 1: AND_mod File: C:/Users/chloe/374project/newproject/newproject/AND_mod.v Line: 2
Info (12021): Found 1 design units, including 1 entities, in source file or_mod.v
    Info (12023): Found entity 1: OR_mod File: C:/Users/chloe/374project/newproject/newproject/OR_mod.v Line: 2
Info (12021): Found 1 design units, including 1 entities, in source file rol.v
    Info (12023): Found entity 1: ROL File: C:/Users/chloe/374project/newproject/newproject/ROL.v Line: 1
Info (12021): Found 1 design units, including 1 entities, in source file ror.v
    Info (12023): Found entity 1: ROR File: C:/Users/chloe/374project/newproject/newproject/ROR.v Line: 1
Info (12021): Found 1 design units, including 1 entities, in source file mul.v
    Info (12023): Found entity 1: MUL File: C:/Users/chloe/374project/newproject/newproject/MUL.v Line: 1
Info (12021): Found 1 design units, including 1 entities, in source file not_mod.v
    Info (12023): Found entity 1: NOT_mod File: C:/Users/chloe/374project/newproject/newproject/NOT_mod.v Line: 2
Info (12021): Found 1 design units, including 1 entities, in source file sub.v
    Info (12023): Found entity 1: SUB File: C:/Users/chloe/374project/newproject/newproject/SUB.v Line: 2
Info (12021): Found 1 design units, including 1 entities, in source file div.v
    Info (12023): Found entity 1: DIV File: C:/Users/chloe/374project/newproject/newproject/DIV.v Line: 1
Info (12021): Found 1 design units, including 1 entities, in source file register_r0.v
    Info (12023): Found entity 1: register_R0 File: C:/Users/chloe/374project/newproject/newproject/register_R0.v Line: 1
Info (12021): Found 1 design units, including 1 entities, in source file con_ff.v
    Info (12023): Found entity 1: con_ff File: C:/Users/chloe/374project/newproject/newproject/con_ff.v Line: 1
Info (12021): Found 1 design units, including 1 entities, in source file ram_tb.v
    Info (12023): Found entity 1: RAM_tb File: C:/Users/chloe/374project/newproject/newproject/RAM_tb.v Line: 3
Info (12021): Found 1 design units, including 1 entities, in source file mdmux.v
    Info (12023): Found entity 1: MDMux File: C:/Users/chloe/374project/newproject/newproject/MDMux.v Line: 1
Info (12021): Found 1 design units, including 1 entities, in source file mar.v
    Info (12023): Found entity 1: MAR File: C:/Users/chloe/374project/newproject/newproject/MAR.v Line: 1
Warning (10229): Verilog HDL Expression warning at tbld.v(52): truncated literal to match 4 bits File: C:/Users/chloe/374project/newproject/newproject/tbld.v Line: 52
Warning (10229): Verilog HDL Expression warning at tbld.v(72): truncated literal to match 4 bits File: C:/Users/chloe/374project/newproject/newproject/tbld.v Line: 72
Info (12021): Found 1 design units, including 1 entities, in source file tbld.v
    Info (12023): Found entity 1: tbld File: C:/Users/chloe/374project/newproject/newproject/tbld.v Line: 2
Info (12021): Found 1 design units, including 1 entities, in source file sel_enc_log.v
    Info (12023): Found entity 1: sel_enc_log File: C:/Users/chloe/374project/newproject/newproject/sel_enc_log.v Line: 1
Warning (10229): Verilog HDL Expression warning at store_tb.v(53): truncated literal to match 4 bits File: C:/Users/chloe/374project/newproject/newproject/store_tb.v Line: 53
Warning (10229): Verilog HDL Expression warning at store_tb.v(73): truncated literal to match 4 bits File: C:/Users/chloe/374project/newproject/newproject/store_tb.v Line: 73
Info (12021): Found 1 design units, including 1 entities, in source file store_tb.v
    Info (12023): Found entity 1: store_tb File: C:/Users/chloe/374project/newproject/newproject/store_tb.v Line: 2
Info (12021): Found 1 design units, including 1 entities, in source file ram.v
    Info (12023): Found entity 1: RAM File: C:/Users/chloe/374project/newproject/newproject/RAM.v Line: 1
Info (12021): Found 1 design units, including 1 entities, in source file pc_reg.v
    Info (12023): Found entity 1: PC_reg File: C:/Users/chloe/374project/newproject/newproject/PC_reg.v Line: 1
Warning (10236): Verilog HDL Implicit Net warning at DataPath.v(51): created implicit net for "BusMuxIn" File: C:/Users/chloe/374project/newproject/newproject/DataPath.v Line: 51
Warning (10236): Verilog HDL Implicit Net warning at DataPath.v(52): created implicit net for "MDMuxOut" File: C:/Users/chloe/374project/newproject/newproject/DataPath.v Line: 52
Warning (10236): Verilog HDL Implicit Net warning at DataPath.v(53): created implicit net for "MarIN" File: C:/Users/chloe/374project/newproject/newproject/DataPath.v Line: 53
Warning (10236): Verilog HDL Implicit Net warning at DataPath.v(53): created implicit net for "address" File: C:/Users/chloe/374project/newproject/newproject/DataPath.v Line: 53
Warning (10236): Verilog HDL Implicit Net warning at DataPath.v(65): created implicit net for "BuxMuxInIR" File: C:/Users/chloe/374project/newproject/newproject/DataPath.v Line: 65
Warning (10236): Verilog HDL Implicit Net warning at DataPath.v(65): created implicit net for "cSignExtended" File: C:/Users/chloe/374project/newproject/newproject/DataPath.v Line: 65
Info (12127): Elaborating entity "DataPath" for the top level hierarchy
Info (12128): Elaborating entity "register" for hierarchy "register:R0" File: C:/Users/chloe/374project/newproject/newproject/DataPath.v Line: 24
Info (12128): Elaborating entity "PC_reg" for hierarchy "PC_reg:PC_reg" File: C:/Users/chloe/374project/newproject/newproject/DataPath.v Line: 50
Info (12128): Elaborating entity "MDMux" for hierarchy "MDMux:MDMUX" File: C:/Users/chloe/374project/newproject/newproject/DataPath.v Line: 51
Info (12128): Elaborating entity "mdrReg" for hierarchy "mdrReg:MDR" File: C:/Users/chloe/374project/newproject/newproject/DataPath.v Line: 52
Info (12128): Elaborating entity "MAR" for hierarchy "MAR:MAR" File: C:/Users/chloe/374project/newproject/newproject/DataPath.v Line: 53
Info (12128): Elaborating entity "RAM" for hierarchy "RAM:RAM" File: C:/Users/chloe/374project/newproject/newproject/DataPath.v Line: 61
Warning (10230): Verilog HDL assignment warning at RAM.v(19): truncated value with size 33 to match size of target (32) File: C:/Users/chloe/374project/newproject/newproject/RAM.v Line: 19
Info (12128): Elaborating entity "alu" for hierarchy "alu:alu" File: C:/Users/chloe/374project/newproject/newproject/DataPath.v Line: 63
Warning (10270): Verilog HDL Case Statement warning at alu.v(37): incomplete case statement has no default case item File: C:/Users/chloe/374project/newproject/newproject/alu.v Line: 37
Warning (10240): Verilog HDL Always Construct warning at alu.v(37): inferring latch(es) for variable "Zregin", which holds its previous value in one or more paths through the always construct File: C:/Users/chloe/374project/newproject/newproject/alu.v Line: 37
Info (10041): Inferred latch for "Zregin[0]" at alu.v(37) File: C:/Users/chloe/374project/newproject/newproject/alu.v Line: 37
Info (10041): Inferred latch for "Zregin[1]" at alu.v(37) File: C:/Users/chloe/374project/newproject/newproject/alu.v Line: 37
Info (10041): Inferred latch for "Zregin[2]" at alu.v(37) File: C:/Users/chloe/374project/newproject/newproject/alu.v Line: 37
Info (10041): Inferred latch for "Zregin[3]" at alu.v(37) File: C:/Users/chloe/374project/newproject/newproject/alu.v Line: 37
Info (10041): Inferred latch for "Zregin[4]" at alu.v(37) File: C:/Users/chloe/374project/newproject/newproject/alu.v Line: 37
Info (10041): Inferred latch for "Zregin[5]" at alu.v(37) File: C:/Users/chloe/374project/newproject/newproject/alu.v Line: 37
Info (10041): Inferred latch for "Zregin[6]" at alu.v(37) File: C:/Users/chloe/374project/newproject/newproject/alu.v Line: 37
Info (10041): Inferred latch for "Zregin[7]" at alu.v(37) File: C:/Users/chloe/374project/newproject/newproject/alu.v Line: 37
Info (10041): Inferred latch for "Zregin[8]" at alu.v(37) File: C:/Users/chloe/374project/newproject/newproject/alu.v Line: 37
Info (10041): Inferred latch for "Zregin[9]" at alu.v(37) File: C:/Users/chloe/374project/newproject/newproject/alu.v Line: 37
Info (10041): Inferred latch for "Zregin[10]" at alu.v(37) File: C:/Users/chloe/374project/newproject/newproject/alu.v Line: 37
Info (10041): Inferred latch for "Zregin[11]" at alu.v(37) File: C:/Users/chloe/374project/newproject/newproject/alu.v Line: 37
Info (10041): Inferred latch for "Zregin[12]" at alu.v(37) File: C:/Users/chloe/374project/newproject/newproject/alu.v Line: 37
Info (10041): Inferred latch for "Zregin[13]" at alu.v(37) File: C:/Users/chloe/374project/newproject/newproject/alu.v Line: 37
Info (10041): Inferred latch for "Zregin[14]" at alu.v(37) File: C:/Users/chloe/374project/newproject/newproject/alu.v Line: 37
Info (10041): Inferred latch for "Zregin[15]" at alu.v(37) File: C:/Users/chloe/374project/newproject/newproject/alu.v Line: 37
Info (10041): Inferred latch for "Zregin[16]" at alu.v(37) File: C:/Users/chloe/374project/newproject/newproject/alu.v Line: 37
Info (10041): Inferred latch for "Zregin[17]" at alu.v(37) File: C:/Users/chloe/374project/newproject/newproject/alu.v Line: 37
Info (10041): Inferred latch for "Zregin[18]" at alu.v(37) File: C:/Users/chloe/374project/newproject/newproject/alu.v Line: 37
Info (10041): Inferred latch for "Zregin[19]" at alu.v(37) File: C:/Users/chloe/374project/newproject/newproject/alu.v Line: 37
Info (10041): Inferred latch for "Zregin[20]" at alu.v(37) File: C:/Users/chloe/374project/newproject/newproject/alu.v Line: 37
Info (10041): Inferred latch for "Zregin[21]" at alu.v(37) File: C:/Users/chloe/374project/newproject/newproject/alu.v Line: 37
Info (10041): Inferred latch for "Zregin[22]" at alu.v(37) File: C:/Users/chloe/374project/newproject/newproject/alu.v Line: 37
Info (10041): Inferred latch for "Zregin[23]" at alu.v(37) File: C:/Users/chloe/374project/newproject/newproject/alu.v Line: 37
Info (10041): Inferred latch for "Zregin[24]" at alu.v(37) File: C:/Users/chloe/374project/newproject/newproject/alu.v Line: 37
Info (10041): Inferred latch for "Zregin[25]" at alu.v(37) File: C:/Users/chloe/374project/newproject/newproject/alu.v Line: 37
Info (10041): Inferred latch for "Zregin[26]" at alu.v(37) File: C:/Users/chloe/374project/newproject/newproject/alu.v Line: 37
Info (10041): Inferred latch for "Zregin[27]" at alu.v(37) File: C:/Users/chloe/374project/newproject/newproject/alu.v Line: 37
Info (10041): Inferred latch for "Zregin[28]" at alu.v(37) File: C:/Users/chloe/374project/newproject/newproject/alu.v Line: 37
Info (10041): Inferred latch for "Zregin[29]" at alu.v(37) File: C:/Users/chloe/374project/newproject/newproject/alu.v Line: 37
Info (10041): Inferred latch for "Zregin[30]" at alu.v(37) File: C:/Users/chloe/374project/newproject/newproject/alu.v Line: 37
Info (10041): Inferred latch for "Zregin[31]" at alu.v(37) File: C:/Users/chloe/374project/newproject/newproject/alu.v Line: 37
Info (10041): Inferred latch for "Zregin[32]" at alu.v(37) File: C:/Users/chloe/374project/newproject/newproject/alu.v Line: 37
Info (10041): Inferred latch for "Zregin[33]" at alu.v(37) File: C:/Users/chloe/374project/newproject/newproject/alu.v Line: 37
Info (10041): Inferred latch for "Zregin[34]" at alu.v(37) File: C:/Users/chloe/374project/newproject/newproject/alu.v Line: 37
Info (10041): Inferred latch for "Zregin[35]" at alu.v(37) File: C:/Users/chloe/374project/newproject/newproject/alu.v Line: 37
Info (10041): Inferred latch for "Zregin[36]" at alu.v(37) File: C:/Users/chloe/374project/newproject/newproject/alu.v Line: 37
Info (10041): Inferred latch for "Zregin[37]" at alu.v(37) File: C:/Users/chloe/374project/newproject/newproject/alu.v Line: 37
Info (10041): Inferred latch for "Zregin[38]" at alu.v(37) File: C:/Users/chloe/374project/newproject/newproject/alu.v Line: 37
Info (10041): Inferred latch for "Zregin[39]" at alu.v(37) File: C:/Users/chloe/374project/newproject/newproject/alu.v Line: 37
Info (10041): Inferred latch for "Zregin[40]" at alu.v(37) File: C:/Users/chloe/374project/newproject/newproject/alu.v Line: 37
Info (10041): Inferred latch for "Zregin[41]" at alu.v(37) File: C:/Users/chloe/374project/newproject/newproject/alu.v Line: 37
Info (10041): Inferred latch for "Zregin[42]" at alu.v(37) File: C:/Users/chloe/374project/newproject/newproject/alu.v Line: 37
Info (10041): Inferred latch for "Zregin[43]" at alu.v(37) File: C:/Users/chloe/374project/newproject/newproject/alu.v Line: 37
Info (10041): Inferred latch for "Zregin[44]" at alu.v(37) File: C:/Users/chloe/374project/newproject/newproject/alu.v Line: 37
Info (10041): Inferred latch for "Zregin[45]" at alu.v(37) File: C:/Users/chloe/374project/newproject/newproject/alu.v Line: 37
Info (10041): Inferred latch for "Zregin[46]" at alu.v(37) File: C:/Users/chloe/374project/newproject/newproject/alu.v Line: 37
Info (10041): Inferred latch for "Zregin[47]" at alu.v(37) File: C:/Users/chloe/374project/newproject/newproject/alu.v Line: 37
Info (10041): Inferred latch for "Zregin[48]" at alu.v(37) File: C:/Users/chloe/374project/newproject/newproject/alu.v Line: 37
Info (10041): Inferred latch for "Zregin[49]" at alu.v(37) File: C:/Users/chloe/374project/newproject/newproject/alu.v Line: 37
Info (10041): Inferred latch for "Zregin[50]" at alu.v(37) File: C:/Users/chloe/374project/newproject/newproject/alu.v Line: 37
Info (10041): Inferred latch for "Zregin[51]" at alu.v(37) File: C:/Users/chloe/374project/newproject/newproject/alu.v Line: 37
Info (10041): Inferred latch for "Zregin[52]" at alu.v(37) File: C:/Users/chloe/374project/newproject/newproject/alu.v Line: 37
Info (10041): Inferred latch for "Zregin[53]" at alu.v(37) File: C:/Users/chloe/374project/newproject/newproject/alu.v Line: 37
Info (10041): Inferred latch for "Zregin[54]" at alu.v(37) File: C:/Users/chloe/374project/newproject/newproject/alu.v Line: 37
Info (10041): Inferred latch for "Zregin[55]" at alu.v(37) File: C:/Users/chloe/374project/newproject/newproject/alu.v Line: 37
Info (10041): Inferred latch for "Zregin[56]" at alu.v(37) File: C:/Users/chloe/374project/newproject/newproject/alu.v Line: 37
Info (10041): Inferred latch for "Zregin[57]" at alu.v(37) File: C:/Users/chloe/374project/newproject/newproject/alu.v Line: 37
Info (10041): Inferred latch for "Zregin[58]" at alu.v(37) File: C:/Users/chloe/374project/newproject/newproject/alu.v Line: 37
Info (10041): Inferred latch for "Zregin[59]" at alu.v(37) File: C:/Users/chloe/374project/newproject/newproject/alu.v Line: 37
Info (10041): Inferred latch for "Zregin[60]" at alu.v(37) File: C:/Users/chloe/374project/newproject/newproject/alu.v Line: 37
Info (10041): Inferred latch for "Zregin[61]" at alu.v(37) File: C:/Users/chloe/374project/newproject/newproject/alu.v Line: 37
Info (10041): Inferred latch for "Zregin[62]" at alu.v(37) File: C:/Users/chloe/374project/newproject/newproject/alu.v Line: 37
Info (10041): Inferred latch for "Zregin[63]" at alu.v(37) File: C:/Users/chloe/374project/newproject/newproject/alu.v Line: 37
Info (12128): Elaborating entity "ADD" for hierarchy "alu:alu|ADD:ADD" File: C:/Users/chloe/374project/newproject/newproject/alu.v Line: 16
Info (12128): Elaborating entity "AND_mod" for hierarchy "alu:alu|AND_mod:AND_mod" File: C:/Users/chloe/374project/newproject/newproject/alu.v Line: 17
Info (12128): Elaborating entity "OR_mod" for hierarchy "alu:alu|OR_mod:OR_mod" File: C:/Users/chloe/374project/newproject/newproject/alu.v Line: 18
Info (12128): Elaborating entity "NOT_mod" for hierarchy "alu:alu|NOT_mod:NOT_mod" File: C:/Users/chloe/374project/newproject/newproject/alu.v Line: 19
Info (12128): Elaborating entity "NEG" for hierarchy "alu:alu|NEG:NEG" File: C:/Users/chloe/374project/newproject/newproject/alu.v Line: 20
Info (12128): Elaborating entity "MUL" for hierarchy "alu:alu|MUL:MUL" File: C:/Users/chloe/374project/newproject/newproject/alu.v Line: 21
Warning (10199): Verilog HDL Case Statement warning at MUL.v(20): case item expression never matches the case expression File: C:/Users/chloe/374project/newproject/newproject/MUL.v Line: 20
Info (10264): Verilog HDL Case Statement information at MUL.v(19): all case item expressions in this case statement are onehot File: C:/Users/chloe/374project/newproject/newproject/MUL.v Line: 19
Info (12128): Elaborating entity "ROR" for hierarchy "alu:alu|ROR:ROR" File: C:/Users/chloe/374project/newproject/newproject/alu.v Line: 22
Info (12128): Elaborating entity "ROL" for hierarchy "alu:alu|ROL:ROL" File: C:/Users/chloe/374project/newproject/newproject/alu.v Line: 23
Info (12128): Elaborating entity "SHL" for hierarchy "alu:alu|SHL:SHL" File: C:/Users/chloe/374project/newproject/newproject/alu.v Line: 24
Info (12128): Elaborating entity "SHR" for hierarchy "alu:alu|SHR:SHR" File: C:/Users/chloe/374project/newproject/newproject/alu.v Line: 25
Info (12128): Elaborating entity "SHRA" for hierarchy "alu:alu|SHRA:SHRA" File: C:/Users/chloe/374project/newproject/newproject/alu.v Line: 26
Warning (10764): Verilog HDL warning at SHRA.v(10): converting signed shift amount to unsigned File: C:/Users/chloe/374project/newproject/newproject/SHRA.v Line: 10
Info (12128): Elaborating entity "SUB" for hierarchy "alu:alu|SUB:SUB" File: C:/Users/chloe/374project/newproject/newproject/alu.v Line: 27
Info (12128): Elaborating entity "DIV" for hierarchy "alu:alu|DIV:DIV" File: C:/Users/chloe/374project/newproject/newproject/alu.v Line: 28
Info (12128): Elaborating entity "sel_enc_log" for hierarchy "sel_enc_log:sel_enc_log" File: C:/Users/chloe/374project/newproject/newproject/DataPath.v Line: 65
Warning (10230): Verilog HDL assignment warning at sel_enc_log.v(28): truncated value with size 33 to match size of target (32) File: C:/Users/chloe/374project/newproject/newproject/sel_enc_log.v Line: 28
Info (12128): Elaborating entity "Bus" for hierarchy "Bus:bus" File: C:/Users/chloe/374project/newproject/newproject/DataPath.v Line: 70
Warning (10240): Verilog HDL Always Construct warning at Bus.v(15): inferring latch(es) for variable "q", which holds its previous value in one or more paths through the always construct File: C:/Users/chloe/374project/newproject/newproject/Bus.v Line: 15
Info (10041): Inferred latch for "q[0]" at Bus.v(39) File: C:/Users/chloe/374project/newproject/newproject/Bus.v Line: 39
Info (10041): Inferred latch for "q[1]" at Bus.v(39) File: C:/Users/chloe/374project/newproject/newproject/Bus.v Line: 39
Info (10041): Inferred latch for "q[2]" at Bus.v(39) File: C:/Users/chloe/374project/newproject/newproject/Bus.v Line: 39
Info (10041): Inferred latch for "q[3]" at Bus.v(39) File: C:/Users/chloe/374project/newproject/newproject/Bus.v Line: 39
Info (10041): Inferred latch for "q[4]" at Bus.v(39) File: C:/Users/chloe/374project/newproject/newproject/Bus.v Line: 39
Info (10041): Inferred latch for "q[5]" at Bus.v(39) File: C:/Users/chloe/374project/newproject/newproject/Bus.v Line: 39
Info (10041): Inferred latch for "q[6]" at Bus.v(39) File: C:/Users/chloe/374project/newproject/newproject/Bus.v Line: 39
Info (10041): Inferred latch for "q[7]" at Bus.v(39) File: C:/Users/chloe/374project/newproject/newproject/Bus.v Line: 39
Info (10041): Inferred latch for "q[8]" at Bus.v(39) File: C:/Users/chloe/374project/newproject/newproject/Bus.v Line: 39
Info (10041): Inferred latch for "q[9]" at Bus.v(39) File: C:/Users/chloe/374project/newproject/newproject/Bus.v Line: 39
Info (10041): Inferred latch for "q[10]" at Bus.v(39) File: C:/Users/chloe/374project/newproject/newproject/Bus.v Line: 39
Info (10041): Inferred latch for "q[11]" at Bus.v(39) File: C:/Users/chloe/374project/newproject/newproject/Bus.v Line: 39
Info (10041): Inferred latch for "q[12]" at Bus.v(39) File: C:/Users/chloe/374project/newproject/newproject/Bus.v Line: 39
Info (10041): Inferred latch for "q[13]" at Bus.v(39) File: C:/Users/chloe/374project/newproject/newproject/Bus.v Line: 39
Info (10041): Inferred latch for "q[14]" at Bus.v(39) File: C:/Users/chloe/374project/newproject/newproject/Bus.v Line: 39
Info (10041): Inferred latch for "q[15]" at Bus.v(39) File: C:/Users/chloe/374project/newproject/newproject/Bus.v Line: 39
Info (10041): Inferred latch for "q[16]" at Bus.v(39) File: C:/Users/chloe/374project/newproject/newproject/Bus.v Line: 39
Info (10041): Inferred latch for "q[17]" at Bus.v(39) File: C:/Users/chloe/374project/newproject/newproject/Bus.v Line: 39
Info (10041): Inferred latch for "q[18]" at Bus.v(39) File: C:/Users/chloe/374project/newproject/newproject/Bus.v Line: 39
Info (10041): Inferred latch for "q[19]" at Bus.v(39) File: C:/Users/chloe/374project/newproject/newproject/Bus.v Line: 39
Info (10041): Inferred latch for "q[20]" at Bus.v(39) File: C:/Users/chloe/374project/newproject/newproject/Bus.v Line: 39
Info (10041): Inferred latch for "q[21]" at Bus.v(39) File: C:/Users/chloe/374project/newproject/newproject/Bus.v Line: 39
Info (10041): Inferred latch for "q[22]" at Bus.v(39) File: C:/Users/chloe/374project/newproject/newproject/Bus.v Line: 39
Info (10041): Inferred latch for "q[23]" at Bus.v(39) File: C:/Users/chloe/374project/newproject/newproject/Bus.v Line: 39
Info (10041): Inferred latch for "q[24]" at Bus.v(39) File: C:/Users/chloe/374project/newproject/newproject/Bus.v Line: 39
Info (10041): Inferred latch for "q[25]" at Bus.v(39) File: C:/Users/chloe/374project/newproject/newproject/Bus.v Line: 39
Info (10041): Inferred latch for "q[26]" at Bus.v(39) File: C:/Users/chloe/374project/newproject/newproject/Bus.v Line: 39
Info (10041): Inferred latch for "q[27]" at Bus.v(39) File: C:/Users/chloe/374project/newproject/newproject/Bus.v Line: 39
Info (10041): Inferred latch for "q[28]" at Bus.v(39) File: C:/Users/chloe/374project/newproject/newproject/Bus.v Line: 39
Info (10041): Inferred latch for "q[29]" at Bus.v(39) File: C:/Users/chloe/374project/newproject/newproject/Bus.v Line: 39
Info (10041): Inferred latch for "q[30]" at Bus.v(39) File: C:/Users/chloe/374project/newproject/newproject/Bus.v Line: 39
Info (10041): Inferred latch for "q[31]" at Bus.v(39) File: C:/Users/chloe/374project/newproject/newproject/Bus.v Line: 39
Warning (12011): Net is missing source, defaulting to GND
    Warning (12110): Net "BusMuxIn" is missing source, defaulting to GND File: C:/Users/chloe/374project/newproject/newproject/DataPath.v Line: 51
Warning (12011): Net is missing source, defaulting to GND
    Warning (12110): Net "BusMuxIn" is missing source, defaulting to GND File: C:/Users/chloe/374project/newproject/newproject/DataPath.v Line: 51
Warning (12011): Net is missing source, defaulting to GND
    Warning (12110): Net "BusMuxIn" is missing source, defaulting to GND File: C:/Users/chloe/374project/newproject/newproject/DataPath.v Line: 51
Warning (12011): Net is missing source, defaulting to GND
    Warning (12110): Net "BusMuxIn" is missing source, defaulting to GND File: C:/Users/chloe/374project/newproject/newproject/DataPath.v Line: 51
Warning (12011): Net is missing source, defaulting to GND
    Warning (12110): Net "BusMuxIn" is missing source, defaulting to GND File: C:/Users/chloe/374project/newproject/newproject/DataPath.v Line: 51
Warning (12011): Net is missing source, defaulting to GND
    Warning (12110): Net "BusMuxIn" is missing source, defaulting to GND File: C:/Users/chloe/374project/newproject/newproject/DataPath.v Line: 51
Warning (12011): Net is missing source, defaulting to GND
    Warning (12110): Net "BusMuxIn" is missing source, defaulting to GND File: C:/Users/chloe/374project/newproject/newproject/DataPath.v Line: 51
Warning (12011): Net is missing source, defaulting to GND
    Warning (12110): Net "BusMuxIn" is missing source, defaulting to GND File: C:/Users/chloe/374project/newproject/newproject/DataPath.v Line: 51
Warning (12011): Net is missing source, defaulting to GND
    Warning (12110): Net "BusMuxIn" is missing source, defaulting to GND File: C:/Users/chloe/374project/newproject/newproject/DataPath.v Line: 51
Warning (12011): Net is missing source, defaulting to GND
    Warning (12110): Net "BusMuxIn" is missing source, defaulting to GND File: C:/Users/chloe/374project/newproject/newproject/DataPath.v Line: 51
Warning (12011): Net is missing source, defaulting to GND
    Warning (12110): Net "BusMuxIn" is missing source, defaulting to GND File: C:/Users/chloe/374project/newproject/newproject/DataPath.v Line: 51
Warning (12011): Net is missing source, defaulting to GND
    Warning (12110): Net "BusMuxIn" is missing source, defaulting to GND File: C:/Users/chloe/374project/newproject/newproject/DataPath.v Line: 51
Warning (12011): Net is missing source, defaulting to GND
    Warning (12110): Net "BusMuxIn" is missing source, defaulting to GND File: C:/Users/chloe/374project/newproject/newproject/DataPath.v Line: 51
Warning (12011): Net is missing source, defaulting to GND
    Warning (12110): Net "BusMuxIn" is missing source, defaulting to GND File: C:/Users/chloe/374project/newproject/newproject/DataPath.v Line: 51
Warning (12011): Net is missing source, defaulting to GND
    Warning (12110): Net "BusMuxIn" is missing source, defaulting to GND File: C:/Users/chloe/374project/newproject/newproject/DataPath.v Line: 51
Warning (12011): Net is missing source, defaulting to GND
    Warning (12110): Net "BusMuxIn" is missing source, defaulting to GND File: C:/Users/chloe/374project/newproject/newproject/DataPath.v Line: 51
Warning (12011): Net is missing source, defaulting to GND
    Warning (12110): Net "BusMuxIn" is missing source, defaulting to GND File: C:/Users/chloe/374project/newproject/newproject/DataPath.v Line: 51
Warning (12011): Net is missing source, defaulting to GND
    Warning (12110): Net "BusMuxIn" is missing source, defaulting to GND File: C:/Users/chloe/374project/newproject/newproject/DataPath.v Line: 51
Warning (12011): Net is missing source, defaulting to GND
    Warning (12110): Net "BusMuxIn" is missing source, defaulting to GND File: C:/Users/chloe/374project/newproject/newproject/DataPath.v Line: 51
Warning (12011): Net is missing source, defaulting to GND
    Warning (12110): Net "BusMuxIn" is missing source, defaulting to GND File: C:/Users/chloe/374project/newproject/newproject/DataPath.v Line: 51
Warning (12011): Net is missing source, defaulting to GND
    Warning (12110): Net "BusMuxIn" is missing source, defaulting to GND File: C:/Users/chloe/374project/newproject/newproject/DataPath.v Line: 51
Warning (12011): Net is missing source, defaulting to GND
    Warning (12110): Net "BusMuxIn" is missing source, defaulting to GND File: C:/Users/chloe/374project/newproject/newproject/DataPath.v Line: 51
Warning (12011): Net is missing source, defaulting to GND
    Warning (12110): Net "BusMuxIn" is missing source, defaulting to GND File: C:/Users/chloe/374project/newproject/newproject/DataPath.v Line: 51
Warning (12011): Net is missing source, defaulting to GND
    Warning (12110): Net "BusMuxIn" is missing source, defaulting to GND File: C:/Users/chloe/374project/newproject/newproject/DataPath.v Line: 51
Warning (12011): Net is missing source, defaulting to GND
    Warning (12110): Net "BusMuxIn" is missing source, defaulting to GND File: C:/Users/chloe/374project/newproject/newproject/DataPath.v Line: 51
Warning (12011): Net is missing source, defaulting to GND
    Warning (12110): Net "BusMuxIn" is missing source, defaulting to GND File: C:/Users/chloe/374project/newproject/newproject/DataPath.v Line: 51
Warning (12011): Net is missing source, defaulting to GND
    Warning (12110): Net "BusMuxIn" is missing source, defaulting to GND File: C:/Users/chloe/374project/newproject/newproject/DataPath.v Line: 51
Warning (12241): 6 hierarchies have connectivity warnings - see the Connectivity Checks report folder
Info (144001): Generated suppressed messages file C:/Users/chloe/374project/newproject/newproject/output_files/cpu2.map.smsg
Info: Quartus Prime Analysis & Elaboration was successful. 0 errors, 76 warnings
    Info: Peak virtual memory: 4784 megabytes
    Info: Processing ended: Mon Mar 25 14:59:55 2024
    Info: Elapsed time: 00:00:19
    Info: Total CPU time (on all processors): 00:00:16


+--------------------------------------------+
; Analysis & Elaboration Suppressed Messages ;
+--------------------------------------------+
The suppressed messages can be found in C:/Users/chloe/374project/newproject/newproject/output_files/cpu2.map.smsg.


